<?xml version="1.0" encoding="UTF-8"?>
<!-- Generated by org.testng.reporters.JUnitReportReporter -->
<testsuite hostname="DESKTOP-RTACN6A" failures="0" tests="3" name="mainfunctions.Testing" time="131.317" errors="0" timestamp="2019-11-14T15:21:45 IST" skipped="0">
  <testcase classname="mainfunctions.Testing" name="f" time="49.714"/>
  <testcase classname="mainfunctions.Testing" name="FreeCrmTitleTest" time="21.848"/>
  <testcase classname="mainfunctions.Testing" name="TextisDiplayorNot" time="59.755"/>
</testsuite> <!-- mainfunctions.Testing -->
