<?xml version="1.0" encoding="UTF-8"?>
<!-- Generated by org.testng.reporters.JUnitReportReporter -->
<testsuite hostname="DESKTOP-RTACN6A" failures="0" tests="4" name="mainfunctions.DemoTestNG" time="0.433" errors="0" timestamp="2019-11-14T12:59:23 IST" skipped="0">
  <testcase classname="mainfunctions.DemoTestNG" name="ugengineering" time="0.003"/>
  <testcase classname="mainfunctions.DemoTestNG" name="middleschool" time="0.004"/>
  <testcase classname="mainfunctions.DemoTestNG" name="pgengineering" time="0.015"/>
  <testcase classname="mainfunctions.DemoTestNG" name="highschool" time="0.411"/>
</testsuite> <!-- mainfunctions.DemoTestNG -->
